# JRE version: Java(TM) SE Runtime Environment (8.0_45-b14) (build 1.8.0_45-b14)
# Java VM: Java HotSpot(TM) 64-Bit Server VM (25.45-b02 mixed mode linux-amd64 compressed oops)
Heap:
 PSYoungGen      total 275456K, used 18122K [0x00000000eab00000, 0x0000000100000000, 0x0000000100000000)
  eden space 200704K, 0% used [0x00000000eab00000,0x00000000eab00000,0x00000000f6f00000)
  from space 74752K, 24% used [0x00000000fb700000,0x00000000fc8b2b30,0x0000000100000000)
  to   space 73728K, 0% used [0x00000000f6f00000,0x00000000f6f00000,0x00000000fb700000)
 ParOldGen       total 214528K, used 214215K [0x00000000c0000000, 0x00000000cd180000, 0x00000000eab00000)
  object space 214528K, 99% used [0x00000000c0000000,0x00000000cd131e18,0x00000000cd180000)
 Metaspace       used 6398K, capacity 7280K, committed 7552K, reserved 1056768K
  class space    used 601K, capacity 616K, committed 640K, reserved 1048576K
GC Heap History (10 events):
Event: 9,590 GC heap after
Heap after GC invocations=10 (full 1):
 PSYoungGen      total 306688K, used 42486K [0x00000000eab00000, 0x0000000100000000, 0x0000000100000000)
  eden space 264192K, 0% used [0x00000000eab00000,0x00000000eab00000,0x00000000fad00000)
  from space 42496K, 99% used [0x00000000fad00000,0x00000000fd67db78,0x00000000fd680000)
  to   space 42496K, 0% used [0x00000000fd680000,0x00000000fd680000,0x0000000100000000)
 ParOldGen       total 121856K, used 94520K [0x00000000c0000000, 0x00000000c7700000, 0x00000000eab00000)
  object space 121856K, 77% used [0x00000000c0000000,0x00000000c5c4e1a8,0x00000000c7700000)
 Metaspace       used 6384K, capacity 7216K, committed 7296K, reserved 1056768K
  class space    used 601K, capacity 616K, committed 640K, reserved 1048576K
}
Event: 9,590 GC heap before
{Heap before GC invocations=11 (full 2):
 PSYoungGen      total 306688K, used 42486K [0x00000000eab00000, 0x0000000100000000, 0x0000000100000000)
  eden space 264192K, 0% used [0x00000000eab00000,0x00000000eab00000,0x00000000fad00000)
  from space 42496K, 99% used [0x00000000fad00000,0x00000000fd67db78,0x00000000fd680000)
  to   space 42496K, 0% used [0x00000000fd680000,0x00000000fd680000,0x0000000100000000)
 ParOldGen       total 121856K, used 94520K [0x00000000c0000000, 0x00000000c7700000, 0x00000000eab00000)
  object space 121856K, 77% used [0x00000000c0000000,0x00000000c5c4e1a8,0x00000000c7700000)
 Metaspace       used 6384K, capacity 7216K, committed 7296K, reserved 1056768K
  class space    used 601K, capacity 616K, committed 640K, reserved 1048576K
Event: 10,704 GC heap after
Heap after GC invocations=11 (full 2):
 PSYoungGen      total 306688K, used 12250K [0x00000000eab00000, 0x0000000100000000, 0x0000000100000000)
  eden space 264192K, 0% used [0x00000000eab00000,0x00000000eab00000,0x00000000fad00000)
  from space 42496K, 28% used [0x00000000fad00000,0x00000000fb8f6990,0x00000000fd680000)
  to   space 42496K, 0% used [0x00000000fd680000,0x00000000fd680000,0x0000000100000000)
 ParOldGen       total 214528K, used 121850K [0x00000000c0000000, 0x00000000cd180000, 0x00000000eab00000)
  object space 214528K, 56% used [0x00000000c0000000,0x00000000c76feae0,0x00000000cd180000)
 Metaspace       used 6384K, capacity 7216K, committed 7296K, reserved 1056768K
  class space    used 601K, capacity 616K, committed 640K, reserved 1048576K
}
Event: 12,014 GC heap before
{Heap before GC invocations=12 (full 2):
 PSYoungGen      total 306688K, used 276442K [0x00000000eab00000, 0x0000000100000000, 0x0000000100000000)
  eden space 264192K, 100% used [0x00000000eab00000,0x00000000fad00000,0x00000000fad00000)
  from space 42496K, 28% used [0x00000000fad00000,0x00000000fb8f6990,0x00000000fd680000)
  to   space 42496K, 0% used [0x00000000fd680000,0x00000000fd680000,0x0000000100000000)
 ParOldGen       total 214528K, used 121850K [0x00000000c0000000, 0x00000000cd180000, 0x00000000eab00000)
  object space 214528K, 56% used [0x00000000c0000000,0x00000000c76feae0,0x00000000cd180000)
 Metaspace       used 6390K, capacity 7280K, committed 7552K, reserved 1056768K
  class space    used 601K, capacity 616K, committed 640K, reserved 1048576K
Event: 14,409 GC heap after
Heap after GC invocations=12 (full 2):
 PSYoungGen      total 253440K, used 42478K [0x00000000eab00000, 0x0000000100000000, 0x0000000100000000)
  eden space 210944K, 0% used [0x00000000eab00000,0x00000000eab00000,0x00000000f7900000)
  from space 42496K, 99% used [0x00000000fd680000,0x00000000ffffb9d0,0x0000000100000000)
  to   space 69120K, 0% used [0x00000000f7900000,0x00000000f7900000,0x00000000fbc80000)
 ParOldGen       total 214528K, used 132971K [0x00000000c0000000, 0x00000000cd180000, 0x00000000eab00000)
  object space 214528K, 61% used [0x00000000c0000000,0x00000000c81dad30,0x00000000cd180000)
 Metaspace       used 6390K, capacity 7280K, committed 7552K, reserved 1056768K
  class space    used 601K, capacity 616K, committed 640K, reserved 1048576K
}
Event: 31,103 GC heap before
{Heap before GC invocations=13 (full 2):
 PSYoungGen      total 253440K, used 253422K [0x00000000eab00000, 0x0000000100000000, 0x0000000100000000)
  eden space 210944K, 100% used [0x00000000eab00000,0x00000000f7900000,0x00000000f7900000)
  from space 42496K, 99% used [0x00000000fd680000,0x00000000ffffb9d0,0x0000000100000000)
  to   space 69120K, 0% used [0x00000000f7900000,0x00000000f7900000,0x00000000fbc80000)
 ParOldGen       total 214528K, used 132971K [0x00000000c0000000, 0x00000000cd180000, 0x00000000eab00000)
  object space 214528K, 61% used [0x00000000c0000000,0x00000000c81dad30,0x00000000cd180000)
 Metaspace       used 6390K, capacity 7280K, committed 7552K, reserved 1056768K
  class space    used 601K, capacity 616K, committed 640K, reserved 1048576K
Event: 53,454 GC heap after
Heap after GC invocations=13 (full 2):
 PSYoungGen      total 274432K, used 63297K [0x00000000eab00000, 0x0000000100000000, 0x0000000100000000)
  eden space 210944K, 0% used [0x00000000eab00000,0x00000000eab00000,0x00000000f7900000)
  from space 63488K, 99% used [0x00000000f7900000,0x00000000fb6d0418,0x00000000fb700000)
  to   space 74752K, 0% used [0x00000000fb700000,0x00000000fb700000,0x0000000100000000)
 ParOldGen       total 214528K, used 143538K [0x00000000c0000000, 0x00000000cd180000, 0x00000000eab00000)
  object space 214528K, 66% used [0x00000000c0000000,0x00000000c8c2ca30,0x00000000cd180000)
 Metaspace       used 6390K, capacity 7280K, committed 7552K, reserved 1056768K
  class space    used 601K, capacity 616K, committed 640K, reserved 1048576K
}
Event: 57,331 GC heap before
{Heap before GC invocations=14 (full 2):
 PSYoungGen      total 274432K, used 274241K [0x00000000eab00000, 0x0000000100000000, 0x0000000100000000)
  eden space 210944K, 100% used [0x00000000eab00000,0x00000000f7900000,0x00000000f7900000)
  from space 63488K, 99% used [0x00000000f7900000,0x00000000fb6d0418,0x00000000fb700000)
  to   space 74752K, 0% used [0x00000000fb700000,0x00000000fb700000,0x0000000100000000)
 ParOldGen       total 214528K, used 143538K [0x00000000c0000000, 0x00000000cd180000, 0x00000000eab00000)
  object space 214528K, 66% used [0x00000000c0000000,0x00000000c8c2ca30,0x00000000cd180000)
 Metaspace       used 6398K, capacity 7280K, committed 7552K, reserved 1056768K
  class space    used 601K, capacity 616K, committed 640K, reserved 1048576K
Event: 57,910 GC heap after
Heap after GC invocations=14 (full 2):
 PSYoungGen      total 275456K, used 31119K [0x00000000eab00000, 0x0000000100000000, 0x0000000100000000)
  eden space 200704K, 0% used [0x00000000eab00000,0x00000000eab00000,0x00000000f6f00000)
  from space 74752K, 41% used [0x00000000fb700000,0x00000000fd563f40,0x0000000100000000)
  to   space 73728K, 0% used [0x00000000f6f00000,0x00000000f6f00000,0x00000000fb700000)
 ParOldGen       total 214528K, used 205144K [0x00000000c0000000, 0x00000000cd180000, 0x00000000eab00000)
  object space 214528K, 95% used [0x00000000c0000000,0x00000000cc856130,0x00000000cd180000)
 Metaspace       used 6398K, capacity 7280K, committed 7552K, reserved 1056768K
  class space    used 601K, capacity 616K, committed 640K, reserved 1048576K
}
Event: 57,910 GC heap before
{Heap before GC invocations=15 (full 3):
 PSYoungGen      total 275456K, used 31119K [0x00000000eab00000, 0x0000000100000000, 0x0000000100000000)
  eden space 200704K, 0% used [0x00000000eab00000,0x00000000eab00000,0x00000000f6f00000)
  from space 74752K, 41% used [0x00000000fb700000,0x00000000fd563f40,0x0000000100000000)
  to   space 73728K, 0% used [0x00000000f6f00000,0x00000000f6f00000,0x00000000fb700000)
 ParOldGen       total 214528K, used 205144K [0x00000000c0000000, 0x00000000cd180000, 0x00000000eab00000)
  object space 214528K, 95% used [0x00000000c0000000,0x00000000cc856130,0x00000000cd180000)
 Metaspace       used 6398K, capacity 7280K, committed 7552K, reserved 1056768K
  class space    used 601K, capacity 616K, committed 640K, reserved 1048576K

